2022-02-17T01:23:10.806-0600 [DEBUG] [org.gradle.launcher.daemon.bootstrap.DaemonMain] Assuming the daemon was started with following jvm opts: [-Xmx2048m, -Dfile.encoding=UTF-8, -Duser.country=419, -Duser.language=es, -Duser.variant]
2022-02-17T01:23:10.982-0600 [INFO] [org.gradle.launcher.daemon.server.Daemon] start() called on daemon - DefaultDaemonContext[uid=9235239b-3811-4788-9a11-06c0ab45b78b,javaHome=/Users/macbook/Library/Java/JavaVirtualMachines/corretto-1.8.0_322/Contents/Home,daemonRegistryDir=/Users/macbook/AndroidStudioProjects/AppTesis/app/daemon,pid=3448,idleTimeout=10800000,priority=NORMAL,daemonOpts=-Xmx2048m,-Dfile.encoding=UTF-8,-Duser.country=419,-Duser.language=es,-Duser.variant]
2022-02-17T01:23:11.033-0600 [DEBUG] [org.gradle.internal.remote.internal.inet.InetAddresses] Adding IP addresses for network interface utun1
2022-02-17T01:23:11.033-0600 [DEBUG] [org.gradle.internal.remote.internal.inet.InetAddresses] Is this a loopback interface? false
2022-02-17T01:23:11.034-0600 [DEBUG] [org.gradle.internal.remote.internal.inet.InetAddresses] Adding remote address /fe80:0:0:0:ee5f:bd0c:8ac8:f1b1%utun1
2022-02-17T01:23:11.034-0600 [DEBUG] [org.gradle.internal.remote.internal.inet.InetAddresses] Adding IP addresses for network interface utun0
2022-02-17T01:23:11.035-0600 [DEBUG] [org.gradle.internal.remote.internal.inet.InetAddresses] Is this a loopback interface? false
2022-02-17T01:23:11.041-0600 [DEBUG] [org.gradle.internal.remote.internal.inet.InetAddresses] Adding remote address /fe80:0:0:0:7617:816f:1a9f:1c7d%utun0
2022-02-17T01:23:11.041-0600 [DEBUG] [org.gradle.internal.remote.internal.inet.InetAddresses] Adding IP addresses for network interface llw0
2022-02-17T01:23:11.042-0600 [DEBUG] [org.gradle.internal.remote.internal.inet.InetAddresses] Is this a loopback interface? false
2022-02-17T01:23:11.042-0600 [DEBUG] [org.gradle.internal.remote.internal.inet.InetAddresses] Adding remote address /fe80:0:0:0:e00e:99ff:fe70:f67e%llw0
2022-02-17T01:23:11.042-0600 [DEBUG] [org.gradle.internal.remote.internal.inet.InetAddresses] Adding IP addresses for network interface awdl0
2022-02-17T01:23:11.043-0600 [DEBUG] [org.gradle.internal.remote.internal.inet.InetAddresses] Is this a loopback interface? false
2022-02-17T01:23:11.043-0600 [DEBUG] [org.gradle.internal.remote.internal.inet.InetAddresses] Adding remote address /fe80:0:0:0:e00e:99ff:fe70:f67e%awdl0
2022-02-17T01:23:11.043-0600 [DEBUG] [org.gradle.internal.remote.internal.inet.InetAddresses] Adding IP addresses for network interface en0
2022-02-17T01:23:11.044-0600 [DEBUG] [org.gradle.internal.remote.internal.inet.InetAddresses] Is this a loopback interface? false
2022-02-17T01:23:11.044-0600 [DEBUG] [org.gradle.internal.remote.internal.inet.InetAddresses] Adding remote address /fe80:0:0:0:14c1:302d:b3ae:5c7c%en0
2022-02-17T01:23:11.045-0600 [DEBUG] [org.gradle.internal.remote.internal.inet.InetAddresses] Adding remote address /192.168.0.8
2022-02-17T01:23:11.045-0600 [DEBUG] [org.gradle.internal.remote.internal.inet.InetAddresses] Adding IP addresses for network interface lo0
2022-02-17T01:23:11.045-0600 [DEBUG] [org.gradle.internal.remote.internal.inet.InetAddresses] Is this a loopback interface? true
2022-02-17T01:23:11.046-0600 [DEBUG] [org.gradle.internal.remote.internal.inet.InetAddresses] Ignoring remote address on loopback interface /fe80:0:0:0:0:0:0:1%lo0
2022-02-17T01:23:11.046-0600 [DEBUG] [org.gradle.internal.remote.internal.inet.InetAddresses] Adding loopback address /0:0:0:0:0:0:0:1%lo0
2022-02-17T01:23:11.046-0600 [DEBUG] [org.gradle.internal.remote.internal.inet.InetAddresses] Adding loopback address /127.0.0.1
2022-02-17T01:23:11.051-0600 [DEBUG] [org.gradle.internal.remote.internal.inet.TcpIncomingConnector] Listening on [0b923dfc-d9ef-4585-abc6-848177ece433 port:49922, addresses:[localhost/127.0.0.1]].
2022-02-17T01:23:11.061-0600 [DEBUG] [org.gradle.launcher.daemon.server.Daemon] Daemon starting at: Thu Feb 17 01:23:11 CST 2022, with address: [0b923dfc-d9ef-4585-abc6-848177ece433 port:49922, addresses:[localhost/127.0.0.1]]
2022-02-17T01:23:11.061-0600 [INFO] [org.gradle.launcher.daemon.server.DaemonRegistryUpdater] Advertising the daemon address to the clients: [0b923dfc-d9ef-4585-abc6-848177ece433 port:49922, addresses:[localhost/127.0.0.1]]
2022-02-17T01:23:11.062-0600 [DEBUG] [org.gradle.launcher.daemon.server.DaemonRegistryUpdater] Advertised daemon context: DefaultDaemonContext[uid=9235239b-3811-4788-9a11-06c0ab45b78b,javaHome=/Users/macbook/Library/Java/JavaVirtualMachines/corretto-1.8.0_322/Contents/Home,daemonRegistryDir=/Users/macbook/AndroidStudioProjects/AppTesis/app/daemon,pid=3448,idleTimeout=10800000,priority=NORMAL,daemonOpts=-Xmx2048m,-Dfile.encoding=UTF-8,-Duser.country=419,-Duser.language=es,-Duser.variant]
2022-02-17T01:23:11.063-0600 [DEBUG] [org.gradle.launcher.daemon.registry.PersistentDaemonRegistry] Storing daemon address: [0b923dfc-d9ef-4585-abc6-848177ece433 port:49922, addresses:[localhost/127.0.0.1]], context: DefaultDaemonContext[uid=9235239b-3811-4788-9a11-06c0ab45b78b,javaHome=/Users/macbook/Library/Java/JavaVirtualMachines/corretto-1.8.0_322/Contents/Home,daemonRegistryDir=/Users/macbook/AndroidStudioProjects/AppTesis/app/daemon,pid=3448,idleTimeout=10800000,priority=NORMAL,daemonOpts=-Xmx2048m,-Dfile.encoding=UTF-8,-Duser.country=419,-Duser.language=es,-Duser.variant]
2022-02-17T01:23:11.080-0600 [DEBUG] [org.gradle.cache.internal.DefaultFileLockManager] Waiting to acquire exclusive lock on daemon addresses registry.
2022-02-17T01:23:11.084-0600 [DEBUG] [org.gradle.cache.internal.DefaultFileLockManager] Lock acquired on daemon addresses registry.
2022-02-17T01:23:11.096-0600 [DEBUG] [org.gradle.cache.internal.DefaultFileLockManager] Releasing lock on daemon addresses registry.
2022-02-17T01:23:11.097-0600 [LIFECYCLE] [org.gradle.launcher.daemon.server.Daemon] Daemon server started.
2022-02-17T01:23:11.101-0600 [DEBUG] [org.gradle.launcher.daemon.bootstrap.DaemonStartupCommunication] Completed writing the daemon greeting. Closing streams...
2022-02-17T01:23:11.111-0600 [DEBUG] [org.gradle.launcher.daemon.server.Daemon] stopOnExpiration() called on daemon
2022-02-17T01:23:11.113-0600 [DEBUG] [org.gradle.launcher.daemon.server.Daemon] awaitExpiration() called on daemon
2022-02-17T01:23:11.114-0600 [DEBUG] [org.gradle.launcher.daemon.server.DaemonStateCoordinator] daemon is running. Sleeping until state changes.
2022-02-17T01:23:11.133-0600 [DEBUG] [org.gradle.internal.remote.internal.inet.TcpIncomingConnector] Accepted connection from /127.0.0.1:49923 to /127.0.0.1:49922.
2022-02-17T01:23:11.260-0600 [DEBUG] [org.gradle.launcher.daemon.server.SynchronizedDispatchConnection] thread 16: received class org.gradle.launcher.daemon.protocol.Build
2022-02-17T01:23:11.260-0600 [DEBUG] [org.gradle.launcher.daemon.server.DefaultDaemonConnection] thread 16: Received non-IO message from client: Build{id=ea5f7834-c5c8-455e-a5af-8fe5bb64b6c7, currentDir=/Users/macbook/AndroidStudioProjects/AppTesis}
2022-02-17T01:23:11.260-0600 [INFO] [org.gradle.launcher.daemon.server.DefaultIncomingConnectionHandler] Received command: Build{id=ea5f7834-c5c8-455e-a5af-8fe5bb64b6c7, currentDir=/Users/macbook/AndroidStudioProjects/AppTesis}.
2022-02-17T01:23:11.261-0600 [DEBUG] [org.gradle.launcher.daemon.server.DefaultIncomingConnectionHandler] Starting executing command: Build{id=ea5f7834-c5c8-455e-a5af-8fe5bb64b6c7, currentDir=/Users/macbook/AndroidStudioProjects/AppTesis} with connection: socket connection from /127.0.0.1:49922 to /127.0.0.1:49923.
2022-02-17T01:23:11.264-0600 [ERROR] [org.gradle.launcher.daemon.server.DaemonStateCoordinator] Command execution: started DaemonCommandExecution[command = Build{id=ea5f7834-c5c8-455e-a5af-8fe5bb64b6c7, currentDir=/Users/macbook/AndroidStudioProjects/AppTesis}, connection = DefaultDaemonConnection: socket connection from /127.0.0.1:49922 to /127.0.0.1:49923] after 0.0 minutes of idle
2022-02-17T01:23:11.264-0600 [INFO] [org.gradle.launcher.daemon.server.DaemonRegistryUpdater] Marking the daemon as busy, address: [0b923dfc-d9ef-4585-abc6-848177ece433 port:49922, addresses:[localhost/127.0.0.1]]
2022-02-17T01:23:11.265-0600 [DEBUG] [org.gradle.launcher.daemon.registry.PersistentDaemonRegistry] Marking busy by address: [0b923dfc-d9ef-4585-abc6-848177ece433 port:49922, addresses:[localhost/127.0.0.1]]
2022-02-17T01:23:11.266-0600 [DEBUG] [org.gradle.cache.internal.DefaultFileLockManager] Waiting to acquire exclusive lock on daemon addresses registry.
2022-02-17T01:23:11.267-0600 [DEBUG] [org.gradle.cache.internal.DefaultFileLockManager] Lock acquired on daemon addresses registry.
2022-02-17T01:23:11.268-0600 [DEBUG] [org.gradle.cache.internal.DefaultFileLockManager] Releasing lock on daemon addresses registry.
2022-02-17T01:23:11.269-0600 [DEBUG] [org.gradle.launcher.daemon.server.DaemonStateCoordinator] resetting idle timer
2022-02-17T01:23:11.270-0600 [DEBUG] [org.gradle.launcher.daemon.server.DaemonStateCoordinator] daemon is running. Sleeping until state changes.
2022-02-17T01:23:11.271-0600 [INFO] [org.gradle.launcher.daemon.server.exec.StartBuildOrRespondWithBusy] Daemon is about to start building Build{id=ea5f7834-c5c8-455e-a5af-8fe5bb64b6c7, currentDir=/Users/macbook/AndroidStudioProjects/AppTesis}. Dispatching build started information...
2022-02-17T01:23:11.272-0600 [DEBUG] [org.gradle.launcher.daemon.server.SynchronizedDispatchConnection] thread 18: dispatching org.gradle.launcher.daemon.protocol.BuildStarted@9454cf3
2022-02-17T01:23:11.279-0600 [DEBUG] [org.gradle.launcher.daemon.server.exec.EstablishBuildEnvironment] Configuring env variables: {PATH=/Library/Frameworks/Python.framework/Versions/3.9/bin:/usr/local/bin:/usr/bin:/bin:/usr/sbin:/sbin, __CFBundleIdentifier=com.google.android.studio, SHELL=/bin/zsh, OLDPWD=/, USER=macbook, COMMAND_MODE=unix2003, TMPDIR=/var/folders/9z/b6sr_d7s02dc4jkgzbmrvwww0000gn/T/, SSH_AUTH_SOCK=/private/tmp/com.apple.launchd.GZL2aSQhQA/Listeners, XPC_FLAGS=0x0, __CF_USER_TEXT_ENCODING=0x1F5:0:86, LOGNAME=macbook, LC_CTYPE=es_419.UTF-8, XPC_SERVICE_NAME=application.com.google.android.studio.12811814.15697727, HOME=/Users/macbook}
2022-02-17T01:23:11.282-0600 [DEBUG] [org.gradle.launcher.daemon.server.SynchronizedDispatchConnection] thread 16: received class org.gradle.launcher.daemon.protocol.CloseInput
2022-02-17T01:23:11.282-0600 [DEBUG] [org.gradle.launcher.daemon.server.DefaultDaemonConnection] thread 16: Received IO message from client: org.gradle.launcher.daemon.protocol.CloseInput@12da7b6d
2022-02-17T01:23:11.285-0600 [DEBUG] [org.gradle.launcher.daemon.server.exec.LogToClient] About to start relaying all logs to the client via the connection.
2022-02-17T01:23:11.286-0600 [INFO] [org.gradle.launcher.daemon.server.exec.LogToClient] The client will now receive all logging from the daemon (pid: 3448). The daemon log file: /Users/macbook/AndroidStudioProjects/AppTesis/app/daemon/6.1.1/daemon-3448.out.log
2022-02-17T01:23:11.290-0600 [INFO] [org.gradle.launcher.daemon.server.exec.LogAndCheckHealth] Starting build in new daemon [memory: 1,9 GB]
2022-02-17T01:23:11.293-0600 [INFO] [org.gradle.launcher.daemon.server.exec.ForwardClientInput] Closing daemon's stdin at end of input.
2022-02-17T01:23:11.293-0600 [INFO] [org.gradle.launcher.daemon.server.exec.ForwardClientInput] The daemon will no longer process any standard input.
2022-02-17T01:23:11.297-0600 [DEBUG] [org.gradle.launcher.daemon.server.exec.ExecuteBuild] The daemon has started executing the build.
2022-02-17T01:23:11.298-0600 [DEBUG] [org.gradle.launcher.daemon.server.exec.ExecuteBuild] Executing build with daemon context: DefaultDaemonContext[uid=9235239b-3811-4788-9a11-06c0ab45b78b,javaHome=/Users/macbook/Library/Java/JavaVirtualMachines/corretto-1.8.0_322/Contents/Home,daemonRegistryDir=/Users/macbook/AndroidStudioProjects/AppTesis/app/daemon,pid=3448,idleTimeout=10800000,priority=NORMAL,daemonOpts=-Xmx2048m,-Dfile.encoding=UTF-8,-Duser.country=419,-Duser.language=es,-Duser.variant]

FAILURE: Build failed with an exception.

* What went wrong:
Services for Gradle user home directory '/Users/macbook/AndroidStudioProjects/AppTesis/app' have not been released.

* Try:
Run with --stacktrace option to get the stack trace. Run with --info or --debug option to get more log output. Run with --scan to get full insights.

* Get more help at https://help.gradle.org
Daemon vm is shutting down... The daemon has exited normally or was terminated in response to a user interrupt.
